  Window.cpp
C:\Users\clara\OneDrive\Escritorio\Practica5\Practica5\Window.h(12,36): warning C4244: 'return': conversión de 'GLint' a 'GLfloat'; posible pérdida de datos
  (compilando archivo de origen "Window.cpp")
  
C:\Users\clara\OneDrive\Escritorio\Practica5\Practica5\Window.h(13,37): warning C4244: 'return': conversión de 'GLint' a 'GLfloat'; posible pérdida de datos
  (compilando archivo de origen "Window.cpp")
  
C:\Users\clara\OneDrive\Escritorio\Practica5\Practica5\Window.cpp(243,22): warning C4244: '=': conversión de 'double' a 'GLfloat'; posible pérdida de datos
C:\Users\clara\OneDrive\Escritorio\Practica5\Practica5\Window.cpp(244,22): warning C4244: '=': conversión de 'double' a 'GLfloat'; posible pérdida de datos
C:\Users\clara\OneDrive\Escritorio\Practica5\Practica5\Window.cpp(248,28): warning C4244: '=': conversión de 'double' a 'GLfloat'; posible pérdida de datos
C:\Users\clara\OneDrive\Escritorio\Practica5\Practica5\Window.cpp(249,40): warning C4244: '=': conversión de 'double' a 'GLfloat'; posible pérdida de datos
C:\Users\clara\OneDrive\Escritorio\Practica5\Practica5\Window.cpp(251,21): warning C4244: '=': conversión de 'double' a 'GLfloat'; posible pérdida de datos
C:\Users\clara\OneDrive\Escritorio\Practica5\Practica5\Window.cpp(252,21): warning C4244: '=': conversión de 'double' a 'GLfloat'; posible pérdida de datos
  practica5.cpp
C:\Users\clara\OneDrive\Escritorio\Practica5\Practica5\Window.h(12,36): warning C4244: 'return': conversión de 'GLint' a 'GLfloat'; posible pérdida de datos
  (compilando archivo de origen "practica5.cpp")
  
C:\Users\clara\OneDrive\Escritorio\Practica5\Practica5\Window.h(13,37): warning C4244: 'return': conversión de 'GLint' a 'GLfloat'; posible pérdida de datos
  (compilando archivo de origen "practica5.cpp")
  
C:\Users\clara\OneDrive\Escritorio\Practica5\Practica5\practica5.cpp(198,15): warning C4244: 'inicializando': conversión de 'double' a 'GLfloat'; posible pérdida de datos
C:\Users\clara\OneDrive\Escritorio\Practica5\Practica5\practica5.cpp(200,33): warning C4244: '+=': conversión de 'double' a 'GLfloat'; posible pérdida de datos
  Generando código...
C:\Users\clara\OneDrive\Escritorio\Practica5\Practica5\Window.cpp(89,1): warning C4715: 'Window::Initialise': no todas las rutas de acceso de control devuelven un valor
LINK : warning LNK4098: la biblioteca predeterminada'MSVCRT' entra en conflicto con otras bibliotecas; use la biblioteca /NODEFAULTLIB:biblioteca
  Practica5.vcxproj -> C:\Users\clara\OneDrive\Escritorio\Practica5\Debug\Practica5.exe
