c:\users\clara\onedrive\escritorio\practica5\practica5\debug\vc143.pdb
c:\users\clara\onedrive\escritorio\practica5\practica5\debug\vc143.idb
c:\users\clara\onedrive\escritorio\practica5\practica5\debug\window.obj
c:\users\clara\onedrive\escritorio\practica5\practica5\debug\spotlight.obj
c:\users\clara\onedrive\escritorio\practica5\practica5\debug\sphere.obj
c:\users\clara\onedrive\escritorio\practica5\practica5\debug\skybox.obj
c:\users\clara\onedrive\escritorio\practica5\practica5\debug\shader_m.obj
c:\users\clara\onedrive\escritorio\practica5\practica5\debug\practica5.obj
c:\users\clara\onedrive\escritorio\practica5\practica5\debug\pointlight.obj
c:\users\clara\onedrive\escritorio\practica5\practica5\debug\model.obj
c:\users\clara\onedrive\escritorio\practica5\practica5\debug\mesh_tn.obj
c:\users\clara\onedrive\escritorio\practica5\practica5\debug\material.obj
c:\users\clara\onedrive\escritorio\practica5\practica5\debug\light.obj
c:\users\clara\onedrive\escritorio\practica5\practica5\debug\directionallight.obj
c:\users\clara\onedrive\escritorio\practica5\practica5\debug\camera.obj
c:\users\clara\onedrive\escritorio\practica5\debug\practica5.exe
c:\users\clara\onedrive\escritorio\practica5\debug\practica5.pdb
c:\users\clara\onedrive\escritorio\practica5\practica5\debug\practica5.ilk
c:\users\clara\onedrive\escritorio\practica5\practica5\debug\practica5.tlog\cl.command.1.tlog
c:\users\clara\onedrive\escritorio\practica5\practica5\debug\practica5.tlog\cl.items.tlog
c:\users\clara\onedrive\escritorio\practica5\practica5\debug\practica5.tlog\cl.read.1.tlog
c:\users\clara\onedrive\escritorio\practica5\practica5\debug\practica5.tlog\cl.write.1.tlog
c:\users\clara\onedrive\escritorio\practica5\practica5\debug\practica5.tlog\link.command.1.tlog
c:\users\clara\onedrive\escritorio\practica5\practica5\debug\practica5.tlog\link.read.1.tlog
c:\users\clara\onedrive\escritorio\practica5\practica5\debug\practica5.tlog\link.secondary.1.tlog
c:\users\clara\onedrive\escritorio\practica5\practica5\debug\practica5.tlog\link.write.1.tlog
