  practica3.cpp
C:\Users\clara\OneDrive\Escritorio\Lab-CGIH-2024-2\Practica3\Practica3\Window.h(12,36): warning C4244: 'return': conversión de 'GLint' a 'GLfloat'; posible pérdida de datos
  (compilando archivo de origen "practica3.cpp")
  
C:\Users\clara\OneDrive\Escritorio\Lab-CGIH-2024-2\Practica3\Practica3\Window.h(13,37): warning C4244: 'return': conversión de 'GLint' a 'GLfloat'; posible pérdida de datos
  (compilando archivo de origen "practica3.cpp")
  
C:\Users\clara\OneDrive\Escritorio\Lab-CGIH-2024-2\Practica3\Practica3\practica3.cpp(27,36): warning C4305: 'inicializando': truncamiento de 'double' a 'float'
C:\Users\clara\OneDrive\Escritorio\Lab-CGIH-2024-2\Practica3\Practica3\practica3.cpp(195,16): warning C4018: '<': no coinciden signed/unsigned
C:\Users\clara\OneDrive\Escritorio\Lab-CGIH-2024-2\Practica3\Practica3\practica3.cpp(237,32): warning C4244: 'argumento': conversión de 'double' a '_Ty'; posible pérdida de datos
C:\Users\clara\OneDrive\Escritorio\Lab-CGIH-2024-2\Practica3\Practica3\practica3.cpp(237,32): warning C4244:         with
C:\Users\clara\OneDrive\Escritorio\Lab-CGIH-2024-2\Practica3\Practica3\practica3.cpp(237,32): warning C4244:         [
C:\Users\clara\OneDrive\Escritorio\Lab-CGIH-2024-2\Practica3\Practica3\practica3.cpp(237,32): warning C4244:             _Ty=GLfloat
C:\Users\clara\OneDrive\Escritorio\Lab-CGIH-2024-2\Practica3\Practica3\practica3.cpp(237,32): warning C4244:         ]
C:\Users\clara\OneDrive\Escritorio\Lab-CGIH-2024-2\Practica3\Practica3\practica3.cpp(239,32): warning C4244: 'argumento': conversión de 'double' a '_Ty'; posible pérdida de datos
C:\Users\clara\OneDrive\Escritorio\Lab-CGIH-2024-2\Practica3\Practica3\practica3.cpp(239,32): warning C4244:         with
C:\Users\clara\OneDrive\Escritorio\Lab-CGIH-2024-2\Practica3\Practica3\practica3.cpp(239,32): warning C4244:         [
C:\Users\clara\OneDrive\Escritorio\Lab-CGIH-2024-2\Practica3\Practica3\practica3.cpp(239,32): warning C4244:             _Ty=GLfloat
C:\Users\clara\OneDrive\Escritorio\Lab-CGIH-2024-2\Practica3\Practica3\practica3.cpp(239,32): warning C4244:         ]
C:\Users\clara\OneDrive\Escritorio\Lab-CGIH-2024-2\Practica3\Practica3\practica3.cpp(335,15): warning C4244: 'inicializando': conversión de 'double' a 'GLfloat'; posible pérdida de datos
C:\Users\clara\OneDrive\Escritorio\Lab-CGIH-2024-2\Practica3\Practica3\practica3.cpp(337,33): warning C4244: '+=': conversión de 'double' a 'GLfloat'; posible pérdida de datos
  Practica3.vcxproj -> C:\Users\clara\OneDrive\Escritorio\Lab-CGIH-2024-2\Practica3\Debug\Practica3.exe
